# JRE version: OpenJDK Runtime Environment (8.0_152-b06) (build 1.8.0_152-release-1136-b06)
# Java VM: OpenJDK 64-Bit Server VM (25.152-b06 mixed mode linux-amd64 compressed oops)
Heap:
 PSYoungGen      total 176128K, used 110541K [0x00000000e0000000, 0x00000000ed100000, 0x0000000100000000)
  eden space 163840K, 59% used [0x00000000e0000000,0x00000000e5ff42a0,0x00000000ea000000)
  from space 12288K, 99% used [0x00000000eae80000,0x00000000eba7f3f8,0x00000000eba80000)
  to   space 14848K, 0% used [0x00000000ea000000,0x00000000ea000000,0x00000000eae80000)
 ParOldGen       total 90624K, used 21188K [0x00000000a0000000, 0x00000000a5880000, 0x00000000e0000000)
  object space 90624K, 23% used [0x00000000a0000000,0x00000000a14b10a8,0x00000000a5880000)
 Metaspace       used 51309K, capacity 52653K, committed 52952K, reserved 1095680K
  class space    used 6977K, capacity 7336K, committed 7424K, reserved 1048576K
GC Heap History (10 events):
Event: 14.908 GC heap before
{Heap before GC invocations=6 (full 1):
 PSYoungGen      total 68608K, used 5088K [0x00000000e0000000, 0x00000000e9000000, 0x0000000100000000)
  eden space 63488K, 0% used [0x00000000e0000000,0x00000000e0000000,0x00000000e3e00000)
  from space 5120K, 99% used [0x00000000e3e00000,0x00000000e42f8050,0x00000000e4300000)
  to   space 10240K, 0% used [0x00000000e8600000,0x00000000e8600000,0x00000000e9000000)
 ParOldGen       total 84992K, used 8048K [0x00000000a0000000, 0x00000000a5300000, 0x00000000e0000000)
  object space 84992K, 9% used [0x00000000a0000000,0x00000000a07dc1e0,0x00000000a5300000)
 Metaspace       used 20712K, capacity 21082K, committed 21248K, reserved 1067008K
  class space    used 2915K, capacity 3039K, committed 3072K, reserved 1048576K
Event: 15.004 GC heap after
Heap after GC invocations=6 (full 1):
 PSYoungGen      total 68608K, used 0K [0x00000000e0000000, 0x00000000e9000000, 0x0000000100000000)
  eden space 63488K, 0% used [0x00000000e0000000,0x00000000e0000000,0x00000000e3e00000)
  from space 5120K, 0% used [0x00000000e3e00000,0x00000000e3e00000,0x00000000e4300000)
  to   space 10240K, 0% used [0x00000000e8600000,0x00000000e8600000,0x00000000e9000000)
 ParOldGen       total 56832K, used 8646K [0x00000000a0000000, 0x00000000a3780000, 0x00000000e0000000)
  object space 56832K, 15% used [0x00000000a0000000,0x00000000a0871a20,0x00000000a3780000)
 Metaspace       used 20712K, capacity 21082K, committed 21248K, reserved 1067008K
  class space    used 2915K, capacity 3039K, committed 3072K, reserved 1048576K
}
Event: 17.986 GC heap before
{Heap before GC invocations=7 (full 1):
 PSYoungGen      total 68608K, used 63488K [0x00000000e0000000, 0x00000000e9000000, 0x0000000100000000)
  eden space 63488K, 100% used [0x00000000e0000000,0x00000000e3e00000,0x00000000e3e00000)
  from space 5120K, 0% used [0x00000000e3e00000,0x00000000e3e00000,0x00000000e4300000)
  to   space 10240K, 0% used [0x00000000e8600000,0x00000000e8600000,0x00000000e9000000)
 ParOldGen       total 56832K, used 8646K [0x00000000a0000000, 0x00000000a3780000, 0x00000000e0000000)
  object space 56832K, 15% used [0x00000000a0000000,0x00000000a0871a20,0x00000000a3780000)
 Metaspace       used 26307K, capacity 26772K, committed 27136K, reserved 1073152K
  class space    used 3615K, capacity 3796K, committed 3840K, reserved 1048576K
Event: 18.015 GC heap after
Heap after GC invocations=7 (full 1):
 PSYoungGen      total 110592K, used 6624K [0x00000000e0000000, 0x00000000e8c80000, 0x0000000100000000)
  eden space 103936K, 0% used [0x00000000e0000000,0x00000000e0000000,0x00000000e6580000)
  from space 6656K, 99% used [0x00000000e8600000,0x00000000e8c782e0,0x00000000e8c80000)
  to   space 9728K, 0% used [0x00000000e7980000,0x00000000e7980000,0x00000000e8300000)
 ParOldGen       total 56832K, used 8654K [0x00000000a0000000, 0x00000000a3780000, 0x00000000e0000000)
  object space 56832K, 15% used [0x00000000a0000000,0x00000000a0873a20,0x00000000a3780000)
 Metaspace       used 26307K, capacity 26772K, committed 27136K, reserved 1073152K
  class space    used 3615K, capacity 3796K, committed 3840K, reserved 1048576K
}
Event: 24.807 GC heap before
{Heap before GC invocations=8 (full 1):
 PSYoungGen      total 110592K, used 101080K [0x00000000e0000000, 0x00000000e8c80000, 0x0000000100000000)
  eden space 103936K, 90% used [0x00000000e0000000,0x00000000e5c3dfb8,0x00000000e6580000)
  from space 6656K, 99% used [0x00000000e8600000,0x00000000e8c782e0,0x00000000e8c80000)
  to   space 9728K, 0% used [0x00000000e7980000,0x00000000e7980000,0x00000000e8300000)
 ParOldGen       total 56832K, used 8654K [0x00000000a0000000, 0x00000000a3780000, 0x00000000e0000000)
  object space 56832K, 15% used [0x00000000a0000000,0x00000000a0873a20,0x00000000a3780000)
 Metaspace       used 34497K, capacity 35145K, committed 35416K, reserved 1079296K
  class space    used 4788K, capacity 4992K, committed 4992K, reserved 1048576K
Event: 24.845 GC heap after
Heap after GC invocations=8 (full 1):
 PSYoungGen      total 134144K, used 9716K [0x00000000e0000000, 0x00000000eba80000, 0x0000000100000000)
  eden space 124416K, 0% used [0x00000000e0000000,0x00000000e0000000,0x00000000e7980000)
  from space 9728K, 99% used [0x00000000e7980000,0x00000000e82fd210,0x00000000e8300000)
  to   space 12288K, 0% used [0x00000000eae80000,0x00000000eae80000,0x00000000eba80000)
 ParOldGen       total 56832K, used 11525K [0x00000000a0000000, 0x00000000a3780000, 0x00000000e0000000)
  object space 56832K, 20% used [0x00000000a0000000,0x00000000a0b417f0,0x00000000a3780000)
 Metaspace       used 34497K, capacity 35145K, committed 35416K, reserved 1079296K
  class space    used 4788K, capacity 4992K, committed 4992K, reserved 1048576K
}
Event: 24.845 GC heap before
{Heap before GC invocations=9 (full 2):
 PSYoungGen      total 134144K, used 9716K [0x00000000e0000000, 0x00000000eba80000, 0x0000000100000000)
  eden space 124416K, 0% used [0x00000000e0000000,0x00000000e0000000,0x00000000e7980000)
  from space 9728K, 99% used [0x00000000e7980000,0x00000000e82fd210,0x00000000e8300000)
  to   space 12288K, 0% used [0x00000000eae80000,0x00000000eae80000,0x00000000eba80000)
 ParOldGen       total 56832K, used 11525K [0x00000000a0000000, 0x00000000a3780000, 0x00000000e0000000)
  object space 56832K, 20% used [0x00000000a0000000,0x00000000a0b417f0,0x00000000a3780000)
 Metaspace       used 34497K, capacity 35145K, committed 35416K, reserved 1079296K
  class space    used 4788K, capacity 4992K, committed 4992K, reserved 1048576K
Event: 24.991 GC heap after
Heap after GC invocations=9 (full 2):
 PSYoungGen      total 134144K, used 0K [0x00000000e0000000, 0x00000000eba80000, 0x0000000100000000)
  eden space 124416K, 0% used [0x00000000e0000000,0x00000000e0000000,0x00000000e7980000)
  from space 9728K, 0% used [0x00000000e7980000,0x00000000e7980000,0x00000000e8300000)
  to   space 12288K, 0% used [0x00000000eae80000,0x00000000eae80000,0x00000000eba80000)
 ParOldGen       total 90624K, used 18934K [0x00000000a0000000, 0x00000000a5880000, 0x00000000e0000000)
  object space 90624K, 20% used [0x00000000a0000000,0x00000000a127d938,0x00000000a5880000)
 Metaspace       used 34497K, capacity 35145K, committed 35416K, reserved 1079296K
  class space    used 4788K, capacity 4992K, committed 4992K, reserved 1048576K
}
Event: 28.795 GC heap before
{Heap before GC invocations=10 (full 2):
 PSYoungGen      total 134144K, used 124416K [0x00000000e0000000, 0x00000000eba80000, 0x0000000100000000)
  eden space 124416K, 100% used [0x00000000e0000000,0x00000000e7980000,0x00000000e7980000)
  from space 9728K, 0% used [0x00000000e7980000,0x00000000e7980000,0x00000000e8300000)
  to   space 12288K, 0% used [0x00000000eae80000,0x00000000eae80000,0x00000000eba80000)
 ParOldGen       total 90624K, used 18934K [0x00000000a0000000, 0x00000000a5880000, 0x00000000e0000000)
  object space 90624K, 20% used [0x00000000a0000000,0x00000000a127d938,0x00000000a5880000)
 Metaspace       used 41413K, capacity 42211K, committed 42456K, reserved 1085440K
  class space    used 5604K, capacity 5841K, committed 5888K, reserved 1048576K
Event: 28.836 GC heap after
Heap after GC invocations=10 (full 2):
 PSYoungGen      total 176128K, used 12284K [0x00000000e0000000, 0x00000000ed100000, 0x0000000100000000)
  eden space 163840K, 0% used [0x00000000e0000000,0x00000000e0000000,0x00000000ea000000)
  from space 12288K, 99% used [0x00000000eae80000,0x00000000eba7f3f8,0x00000000eba80000)
  to   space 14848K, 0% used [0x00000000ea000000,0x00000000ea000000,0x00000000eae80000)
 ParOldGen       total 90624K, used 21188K [0x00000000a0000000, 0x00000000a5880000, 0x00000000e0000000)
  object space 90624K, 23% used [0x00000000a0000000,0x00000000a14b10a8,0x00000000a5880000)
 Metaspace       used 41413K, capacity 42211K, committed 42456K, reserved 1085440K
  class space    used 5604K, capacity 5841K, committed 5888K, reserved 1048576K
}

